19 Jan 2016 20:03:04.120 INFO  Arara - Welcome to arara!
19 Jan 2016 20:03:04.124 INFO  Arara - Processing file 'exerciseglossaries.tex', please wait.
19 Jan 2016 20:03:04.130 INFO  DirectiveExtractor - Reading directives from exerciseglossaries.tex.
19 Jan 2016 20:03:04.132 TRACE DirectiveExtractor - Directive found in line 1 with pdflatex.
19 Jan 2016 20:03:04.133 TRACE DirectiveExtractor - Directive found in line 2 with makeglossaries.
19 Jan 2016 20:03:04.134 TRACE DirectiveExtractor - Directive found in line 3 with nomencl.
19 Jan 2016 20:03:04.134 TRACE DirectiveExtractor - Directive found in line 4 with makeindex.
19 Jan 2016 20:03:04.135 TRACE DirectiveExtractor - Directive found in line 5 with pdflatex.
19 Jan 2016 20:03:04.135 TRACE DirectiveExtractor - Directive found in line 6 with pdflatex.
19 Jan 2016 20:03:04.140 INFO  DirectiveParser - Parsing directives.
19 Jan 2016 20:03:04.144 INFO  TaskDeployer - Deploying tasks into commands.
19 Jan 2016 20:03:04.159 TRACE TaskDeployer - Task 'pdflatex' found in '/usr/share/texlive/texmf-dist/scripts/arara/rules'.
19 Jan 2016 20:03:04.350 TRACE TaskDeployer - Task 'makeglossaries' found in '/usr/share/texlive/texmf-dist/scripts/arara/rules'.
19 Jan 2016 20:03:04.412 TRACE TaskDeployer - Task 'nomencl' found in '/usr/share/texlive/texmf-dist/scripts/arara/rules'.
19 Jan 2016 20:03:04.421 TRACE TaskDeployer - Task 'makeindex' found in '/usr/share/texlive/texmf-dist/scripts/arara/rules'.
19 Jan 2016 20:03:04.428 TRACE TaskDeployer - Task 'pdflatex' found in '/usr/share/texlive/texmf-dist/scripts/arara/rules'.
19 Jan 2016 20:03:04.446 TRACE TaskDeployer - Task 'pdflatex' found in '/usr/share/texlive/texmf-dist/scripts/arara/rules'.
19 Jan 2016 20:03:04.452 INFO  CommandTrigger - Ready to run commands.
19 Jan 2016 20:03:04.452 INFO  CommandTrigger - Running 'PDFLaTeX'.
19 Jan 2016 20:03:04.452 TRACE CommandTrigger - Command: pdflatex      "exerciseglossaries.tex"
19 Jan 2016 20:03:06.270 TRACE CommandTrigger - Output logging:
19 Jan 2016 20:03:06.271 TRACE CommandTrigger - This is pdfTeX, Version 3.1415926-2.5-1.40.14 (TeX Live 2013/Debian)
 restricted \write18 enabled.
entering extended mode
(./exerciseglossaries.tex
LaTeX2e <2011/06/27>
Babel <3.9h> and hyphenation patterns for 78 languages loaded.
(/usr/share/texlive/texmf-dist/tex/latex/base/article.cls
Document Class: article 2007/10/19 v1.4h Standard LaTeX document class
(/usr/share/texlive/texmf-dist/tex/latex/base/size11.clo))
(/usr/share/texlive/texmf-dist/tex/latex/base/inputenc.sty
(/usr/share/texlive/texmf-dist/tex/latex/base/utf8.def
(/usr/share/texlive/texmf-dist/tex/latex/base/t1enc.dfu)
(/usr/share/texlive/texmf-dist/tex/latex/base/ot1enc.dfu)
(/usr/share/texlive/texmf-dist/tex/latex/base/omsenc.dfu)))
(/usr/share/texlive/texmf-dist/tex/latex/glossaries/base/glossaries.sty
(/usr/share/texlive/texmf-dist/tex/latex/base/ifthen.sty)
(/usr/share/texlive/texmf-dist/tex/latex/xkeyval/xkeyval.sty
(/usr/share/texlive/texmf-dist/tex/generic/xkeyval/xkeyval.tex
(/usr/share/texlive/texmf-dist/tex/generic/xkeyval/keyval.tex)))
(/usr/share/texlive/texmf-dist/tex/latex/glossaries/base/mfirstuc.sty
(/usr/share/texlive/texmf-dist/tex/latex/etoolbox/etoolbox.sty
(/usr/share/texlive/texmf-dist/tex/latex/etex-pkg/etex.sty)))
(/usr/share/texlive/texmf-dist/tex/latex/textcase/textcase.sty)
(/usr/share/texlive/texmf-dist/tex/latex/xfor/xfor.sty)
(/usr/share/texlive/texmf-dist/tex/latex/datatool/datatool-base.sty
(/usr/share/texlive/texmf-dist/tex/latex/amsmath/amsmath.sty
For additional information on amsmath, use the `?' option.
(/usr/share/texlive/texmf-dist/tex/latex/amsmath/amstext.sty
(/usr/share/texlive/texmf-dist/tex/latex/amsmath/amsgen.sty))
(/usr/share/texlive/texmf-dist/tex/latex/amsmath/amsbsy.sty)
(/usr/share/texlive/texmf-dist/tex/latex/amsmath/amsopn.sty))
(/usr/share/texlive/texmf-dist/tex/latex/substr/substr.sty)
(/usr/share/texlive/texmf-dist/tex/latex/datatool/datatool-fp.sty
(/usr/share/texlive/texmf-dist/tex/latex/fp/fp.sty
`Fixed Point Package', Version 0.8, April 2, 1995 (C) Michael Mehlich
(/usr/share/texlive/texmf-dist/tex/latex/fp/defpattern.sty)
(/usr/share/texlive/texmf-dist/tex/latex/fp/fp-basic.sty)
(/usr/share/texlive/texmf-dist/tex/latex/fp/fp-addons.sty)
(/usr/share/texlive/texmf-dist/tex/latex/fp/fp-snap.sty)
(/usr/share/texlive/texmf-dist/tex/latex/fp/fp-exp.sty)
(/usr/share/texlive/texmf-dist/tex/latex/fp/fp-trigo.sty)
(/usr/share/texlive/texmf-dist/tex/latex/fp/fp-pas.sty)
(/usr/share/texlive/texmf-dist/tex/latex/fp/fp-random.sty)
(/usr/share/texlive/texmf-dist/tex/latex/fp/fp-eqn.sty)
(/usr/share/texlive/texmf-dist/tex/latex/fp/fp-upn.sty)
(/usr/share/texlive/texmf-dist/tex/latex/fp/fp-eval.sty))))
(/usr/share/texlive/texmf-dist/tex/latex/glossaries/base/glossaries-compatible-
307.sty)
(/usr/share/texlive/texmf-dist/tex/latex/glossaries/styles/glossary-hypernav.st
y) (/usr/share/texlive/texmf-dist/tex/latex/glossaries/styles/glossary-list.sty
) (/usr/share/texlive/texmf-dist/tex/latex/glossaries/styles/glossary-long.sty
(/usr/share/texlive/texmf-dist/tex/latex/tools/longtable.sty))
(/usr/share/texlive/texmf-dist/tex/latex/glossaries/styles/glossary-super.sty
(/usr/share/texlive/texmf-dist/tex/latex/supertabular/supertabular.sty))
(/usr/share/texlive/texmf-dist/tex/latex/glossaries/styles/glossary-tree.sty))
(/usr/share/texlive/texmf-dist/tex/latex/imakeidx/imakeidx.sty
(/usr/share/texlive/texmf-dist/tex/generic/ifxetex/ifxetex.sty)
(/usr/share/texlive/texmf-dist/tex/generic/oberdiek/ifluatex.sty)
(/usr/share/texlive/texmf-dist/tex/latex/xpatch/xpatch.sty
(/usr/share/texlive/texmf-dist/tex/latex/l3kernel/expl3.sty
(/usr/share/texlive/texmf-dist/tex/latex/l3kernel/l3names.sty
(/usr/share/texlive/texmf-dist/tex/latex/l3kernel/l3bootstrap.sty))
(/usr/share/texlive/texmf-dist/tex/latex/l3kernel/l3basics.sty)
(/usr/share/texlive/texmf-dist/tex/latex/l3kernel/l3expan.sty)
(/usr/share/texlive/texmf-dist/tex/latex/l3kernel/l3tl.sty)
(/usr/share/texlive/texmf-dist/tex/latex/l3kernel/l3seq.sty)
(/usr/share/texlive/texmf-dist/tex/latex/l3kernel/l3int.sty)
(/usr/share/texlive/texmf-dist/tex/latex/l3kernel/l3quark.sty)
(/usr/share/texlive/texmf-dist/tex/latex/l3kernel/l3prg.sty)
(/usr/share/texlive/texmf-dist/tex/latex/l3kernel/l3clist.sty)
(/usr/share/texlive/texmf-dist/tex/latex/l3kernel/l3token.sty)
(/usr/share/texlive/texmf-dist/tex/latex/l3kernel/l3prop.sty)
(/usr/share/texlive/texmf-dist/tex/latex/l3kernel/l3msg.sty)
(/usr/share/texlive/texmf-dist/tex/latex/l3kernel/l3file.sty)
(/usr/share/texlive/texmf-dist/tex/latex/l3kernel/l3skip.sty)
(/usr/share/texlive/texmf-dist/tex/latex/l3kernel/l3keys.sty)
(/usr/share/texlive/texmf-dist/tex/latex/l3kernel/l3fp.sty)
(/usr/share/texlive/texmf-dist/tex/latex/l3kernel/l3box.sty)
(/usr/share/texlive/texmf-dist/tex/latex/l3kernel/l3coffins.sty)
(/usr/share/texlive/texmf-dist/tex/latex/l3kernel/l3color.sty)
(/usr/share/texlive/texmf-dist/tex/latex/l3kernel/l3luatex.sty)
(/usr/share/texlive/texmf-dist/tex/latex/l3kernel/l3candidates.sty)
(/usr/share/texlive/texmf-dist/tex/generic/oberdiek/ifpdf.sty))
(/usr/share/texlive/texmf-dist/tex/latex/l3packages/xparse/xparse.sty))
(/usr/share/texlive/texmf-dist/tex/latex/tools/multicol.sty))
Writing index file exerciseglossaries.idx
(/usr/share/texlive/texmf-dist/tex/latex/nomencl/nomencl.sty)
Writing nomenclature file exerciseglossaries.nlo
(./exerciseglossaries.aux)
(/usr/share/texlive/texmf-dist/tex/latex/graphics/graphics.sty
(/usr/share/texlive/texmf-dist/tex/latex/graphics/trig.sty)
(/usr/share/texlive/texmf-dist/tex/latex/latexconfig/graphics.cfg)
(/usr/share/texlive/texmf-dist/tex/latex/pdftex-def/pdftex.def
(/usr/share/texlive/texmf-dist/tex/generic/oberdiek/infwarerr.sty)
(/usr/share/texlive/texmf-dist/tex/generic/oberdiek/ltxcmds.sty)
(/usr/share/texlive/texmf-dist/tex/context/base/supp-pdf.mkii
[Loading MPS to PDF converter (version 2006.09.02).]
))) (/usr/share/texlive/texmf-dist/tex/generic/oberdiek/pdftexcmds.sty)
(/usr/share/texlive/texmf-dist/tex/latex/oberdiek/epstopdf-base.sty
(/usr/share/texlive/texmf-dist/tex/latex/oberdiek/grfext.sty
(/usr/share/texlive/texmf-dist/tex/generic/oberdiek/kvdefinekeys.sty))
(/usr/share/texlive/texmf-dist/tex/latex/oberdiek/kvoptions.sty
(/usr/share/texlive/texmf-dist/tex/generic/oberdiek/kvsetkeys.sty
(/usr/share/texlive/texmf-dist/tex/generic/oberdiek/etexcmds.sty)))
(/usr/share/texlive/texmf-dist/tex/latex/latexconfig/epstopdf-sys.cfg))
[1{/var/lib/texmf/fonts/map/pdftex/updmap/pdftex.map}]This is makeindex, version 2.15 [TeX Live 2013] (kpathsea + Thai support).
Scanning input file exerciseglossaries.idx....done (1 entries accepted, 0 rejected).
Sorting entries...done (0 comparisons).
Generating output file exerciseglossaries.ind....done (5 lines written, 0 warnings).
Output written in exerciseglossaries.ind.
Transcript written in exerciseglossaries.ilg.

(./exerciseglossaries.ind) (./exerciseglossaries.acr) (./exerciseglossaries.gls
) (./exerciseglossaries.nls) [2] (./exerciseglossaries.aux) )</usr/share/texliv
e/texmf-dist/fonts/type1/public/amsfonts/cm/cmbx10.pfb></usr/share/texlive/texm
f-dist/fonts/type1/public/amsfonts/cm/cmbx12.pfb></usr/share/texlive/texmf-dist
/fonts/type1/public/amsfonts/cm/cmmi10.pfb></usr/share/texlive/texmf-dist/fonts
/type1/public/amsfonts/cm/cmr10.pfb></usr/share/texlive/texmf-dist/fonts/type1/
public/amsfonts/cm/cmr12.pfb></usr/share/texlive/texmf-dist/fonts/type1/public/
amsfonts/cm/cmr17.pfb></usr/share/texlive/texmf-dist/fonts/type1/public/amsfont
s/cm/cmr8.pfb>
Output written on exerciseglossaries.pdf (2 pages, 75574 bytes).
Transcript written on exerciseglossaries.log.

19 Jan 2016 20:03:06.272 INFO  CommandTrigger - 'PDFLaTeX' was successfully executed.
19 Jan 2016 20:03:06.273 INFO  CommandTrigger - Running 'MakeGlossaries'.
19 Jan 2016 20:03:06.273 TRACE CommandTrigger - Command: makeglossaries  "exerciseglossaries"
19 Jan 2016 20:03:06.629 TRACE CommandTrigger - Output logging:
19 Jan 2016 20:03:06.630 TRACE CommandTrigger - makeglossaries version 2.12 (2014-01-20)
added glossary type 'main' (glg,gls,glo)
added glossary type 'acronym' (alg,acr,acn)
makeindex  -s "exerciseglossaries.ist" -t "exerciseglossaries.alg" -o "exerciseglossaries.acr" "exerciseglossaries.acn"
This is makeindex, version 2.15 [TeX Live 2013] (kpathsea + Thai support).
Scanning style file ./exerciseglossaries.ist.............................done (29 attributes redefined, 0 ignored).
Scanning input file exerciseglossaries.acn....done (2 entries accepted, 0 rejected).
Sorting entries....done (2 comparisons).
Generating output file exerciseglossaries.acr....done (6 lines written, 0 warnings).
Output written in exerciseglossaries.acr.
Transcript written in exerciseglossaries.alg.
makeindex  -s "exerciseglossaries.ist" -t "exerciseglossaries.glg" -o "exerciseglossaries.gls" "exerciseglossaries.glo"
This is makeindex, version 2.15 [TeX Live 2013] (kpathsea + Thai support).
Scanning style file ./exerciseglossaries.ist.............................done (29 attributes redefined, 0 ignored).
Scanning input file exerciseglossaries.glo....done (1 entries accepted, 0 rejected).
Sorting entries...done (0 comparisons).
Generating output file exerciseglossaries.gls....done (6 lines written, 0 warnings).
Output written in exerciseglossaries.gls.
Transcript written in exerciseglossaries.glg.

19 Jan 2016 20:03:06.630 INFO  CommandTrigger - 'MakeGlossaries' was successfully executed.
19 Jan 2016 20:03:06.631 INFO  CommandTrigger - Running 'Nomencl'.
19 Jan 2016 20:03:06.632 TRACE CommandTrigger - Command: makeindex  "exerciseglossaries.nlo" -s "nomencl.ist" -o "exerciseglossaries.nls"
19 Jan 2016 20:03:06.837 TRACE CommandTrigger - Output logging:
19 Jan 2016 20:03:06.838 TRACE CommandTrigger - This is makeindex, version 2.15 [TeX Live 2013] (kpathsea + Thai support).
Scanning style file /usr/share/texlive/texmf-dist/makeindex/nomencl/nomencl.ist..........done (10 attributes redefined, 3 ignored).
Scanning input file exerciseglossaries.nlo....done (1 entries accepted, 0 rejected).
Sorting entries...done (0 comparisons).
Generating output file exerciseglossaries.nls....done (7 lines written, 0 warnings).
Output written in exerciseglossaries.nls.
Transcript written in exerciseglossaries.ilg.

19 Jan 2016 20:03:06.838 INFO  CommandTrigger - 'Nomencl' was successfully executed.
19 Jan 2016 20:03:06.839 INFO  CommandTrigger - Running 'MakeIndex'.
19 Jan 2016 20:03:06.839 TRACE CommandTrigger - Command: makeindex    "exerciseglossaries.idx"
19 Jan 2016 20:03:06.942 TRACE CommandTrigger - Output logging:
19 Jan 2016 20:03:06.942 TRACE CommandTrigger - This is makeindex, version 2.15 [TeX Live 2013] (kpathsea + Thai support).
Scanning input file exerciseglossaries.idx....done (1 entries accepted, 0 rejected).
Sorting entries...done (0 comparisons).
Generating output file exerciseglossaries.ind....done (5 lines written, 0 warnings).
Output written in exerciseglossaries.ind.
Transcript written in exerciseglossaries.ilg.

19 Jan 2016 20:03:06.943 INFO  CommandTrigger - 'MakeIndex' was successfully executed.
19 Jan 2016 20:03:06.943 INFO  CommandTrigger - Running 'PDFLaTeX'.
19 Jan 2016 20:03:06.944 TRACE CommandTrigger - Command: pdflatex      "exerciseglossaries.tex"
19 Jan 2016 20:03:07.547 TRACE CommandTrigger - Output logging:
19 Jan 2016 20:03:07.548 TRACE CommandTrigger - This is pdfTeX, Version 3.1415926-2.5-1.40.14 (TeX Live 2013/Debian)
 restricted \write18 enabled.
entering extended mode
(./exerciseglossaries.tex
LaTeX2e <2011/06/27>
Babel <3.9h> and hyphenation patterns for 78 languages loaded.
(/usr/share/texlive/texmf-dist/tex/latex/base/article.cls
Document Class: article 2007/10/19 v1.4h Standard LaTeX document class
(/usr/share/texlive/texmf-dist/tex/latex/base/size11.clo))
(/usr/share/texlive/texmf-dist/tex/latex/base/inputenc.sty
(/usr/share/texlive/texmf-dist/tex/latex/base/utf8.def
(/usr/share/texlive/texmf-dist/tex/latex/base/t1enc.dfu)
(/usr/share/texlive/texmf-dist/tex/latex/base/ot1enc.dfu)
(/usr/share/texlive/texmf-dist/tex/latex/base/omsenc.dfu)))
(/usr/share/texlive/texmf-dist/tex/latex/glossaries/base/glossaries.sty
(/usr/share/texlive/texmf-dist/tex/latex/base/ifthen.sty)
(/usr/share/texlive/texmf-dist/tex/latex/xkeyval/xkeyval.sty
(/usr/share/texlive/texmf-dist/tex/generic/xkeyval/xkeyval.tex
(/usr/share/texlive/texmf-dist/tex/generic/xkeyval/keyval.tex)))
(/usr/share/texlive/texmf-dist/tex/latex/glossaries/base/mfirstuc.sty
(/usr/share/texlive/texmf-dist/tex/latex/etoolbox/etoolbox.sty
(/usr/share/texlive/texmf-dist/tex/latex/etex-pkg/etex.sty)))
(/usr/share/texlive/texmf-dist/tex/latex/textcase/textcase.sty)
(/usr/share/texlive/texmf-dist/tex/latex/xfor/xfor.sty)
(/usr/share/texlive/texmf-dist/tex/latex/datatool/datatool-base.sty
(/usr/share/texlive/texmf-dist/tex/latex/amsmath/amsmath.sty
For additional information on amsmath, use the `?' option.
(/usr/share/texlive/texmf-dist/tex/latex/amsmath/amstext.sty
(/usr/share/texlive/texmf-dist/tex/latex/amsmath/amsgen.sty))
(/usr/share/texlive/texmf-dist/tex/latex/amsmath/amsbsy.sty)
(/usr/share/texlive/texmf-dist/tex/latex/amsmath/amsopn.sty))
(/usr/share/texlive/texmf-dist/tex/latex/substr/substr.sty)
(/usr/share/texlive/texmf-dist/tex/latex/datatool/datatool-fp.sty
(/usr/share/texlive/texmf-dist/tex/latex/fp/fp.sty
`Fixed Point Package', Version 0.8, April 2, 1995 (C) Michael Mehlich
(/usr/share/texlive/texmf-dist/tex/latex/fp/defpattern.sty)
(/usr/share/texlive/texmf-dist/tex/latex/fp/fp-basic.sty)
(/usr/share/texlive/texmf-dist/tex/latex/fp/fp-addons.sty)
(/usr/share/texlive/texmf-dist/tex/latex/fp/fp-snap.sty)
(/usr/share/texlive/texmf-dist/tex/latex/fp/fp-exp.sty)
(/usr/share/texlive/texmf-dist/tex/latex/fp/fp-trigo.sty)
(/usr/share/texlive/texmf-dist/tex/latex/fp/fp-pas.sty)
(/usr/share/texlive/texmf-dist/tex/latex/fp/fp-random.sty)
(/usr/share/texlive/texmf-dist/tex/latex/fp/fp-eqn.sty)
(/usr/share/texlive/texmf-dist/tex/latex/fp/fp-upn.sty)
(/usr/share/texlive/texmf-dist/tex/latex/fp/fp-eval.sty))))
(/usr/share/texlive/texmf-dist/tex/latex/glossaries/base/glossaries-compatible-
307.sty)
(/usr/share/texlive/texmf-dist/tex/latex/glossaries/styles/glossary-hypernav.st
y) (/usr/share/texlive/texmf-dist/tex/latex/glossaries/styles/glossary-list.sty
) (/usr/share/texlive/texmf-dist/tex/latex/glossaries/styles/glossary-long.sty
(/usr/share/texlive/texmf-dist/tex/latex/tools/longtable.sty))
(/usr/share/texlive/texmf-dist/tex/latex/glossaries/styles/glossary-super.sty
(/usr/share/texlive/texmf-dist/tex/latex/supertabular/supertabular.sty))
(/usr/share/texlive/texmf-dist/tex/latex/glossaries/styles/glossary-tree.sty))
(/usr/share/texlive/texmf-dist/tex/latex/imakeidx/imakeidx.sty
(/usr/share/texlive/texmf-dist/tex/generic/ifxetex/ifxetex.sty)
(/usr/share/texlive/texmf-dist/tex/generic/oberdiek/ifluatex.sty)
(/usr/share/texlive/texmf-dist/tex/latex/xpatch/xpatch.sty
(/usr/share/texlive/texmf-dist/tex/latex/l3kernel/expl3.sty
(/usr/share/texlive/texmf-dist/tex/latex/l3kernel/l3names.sty
(/usr/share/texlive/texmf-dist/tex/latex/l3kernel/l3bootstrap.sty))
(/usr/share/texlive/texmf-dist/tex/latex/l3kernel/l3basics.sty)
(/usr/share/texlive/texmf-dist/tex/latex/l3kernel/l3expan.sty)
(/usr/share/texlive/texmf-dist/tex/latex/l3kernel/l3tl.sty)
(/usr/share/texlive/texmf-dist/tex/latex/l3kernel/l3seq.sty)
(/usr/share/texlive/texmf-dist/tex/latex/l3kernel/l3int.sty)
(/usr/share/texlive/texmf-dist/tex/latex/l3kernel/l3quark.sty)
(/usr/share/texlive/texmf-dist/tex/latex/l3kernel/l3prg.sty)
(/usr/share/texlive/texmf-dist/tex/latex/l3kernel/l3clist.sty)
(/usr/share/texlive/texmf-dist/tex/latex/l3kernel/l3token.sty)
(/usr/share/texlive/texmf-dist/tex/latex/l3kernel/l3prop.sty)
(/usr/share/texlive/texmf-dist/tex/latex/l3kernel/l3msg.sty)
(/usr/share/texlive/texmf-dist/tex/latex/l3kernel/l3file.sty)
(/usr/share/texlive/texmf-dist/tex/latex/l3kernel/l3skip.sty)
(/usr/share/texlive/texmf-dist/tex/latex/l3kernel/l3keys.sty)
(/usr/share/texlive/texmf-dist/tex/latex/l3kernel/l3fp.sty)
(/usr/share/texlive/texmf-dist/tex/latex/l3kernel/l3box.sty)
(/usr/share/texlive/texmf-dist/tex/latex/l3kernel/l3coffins.sty)
(/usr/share/texlive/texmf-dist/tex/latex/l3kernel/l3color.sty)
(/usr/share/texlive/texmf-dist/tex/latex/l3kernel/l3luatex.sty)
(/usr/share/texlive/texmf-dist/tex/latex/l3kernel/l3candidates.sty)
(/usr/share/texlive/texmf-dist/tex/generic/oberdiek/ifpdf.sty))
(/usr/share/texlive/texmf-dist/tex/latex/l3packages/xparse/xparse.sty))
(/usr/share/texlive/texmf-dist/tex/latex/tools/multicol.sty))
Writing index file exerciseglossaries.idx
(/usr/share/texlive/texmf-dist/tex/latex/nomencl/nomencl.sty)
Writing nomenclature file exerciseglossaries.nlo
(./exerciseglossaries.aux)
(/usr/share/texlive/texmf-dist/tex/latex/graphics/graphics.sty
(/usr/share/texlive/texmf-dist/tex/latex/graphics/trig.sty)
(/usr/share/texlive/texmf-dist/tex/latex/latexconfig/graphics.cfg)
(/usr/share/texlive/texmf-dist/tex/latex/pdftex-def/pdftex.def
(/usr/share/texlive/texmf-dist/tex/generic/oberdiek/infwarerr.sty)
(/usr/share/texlive/texmf-dist/tex/generic/oberdiek/ltxcmds.sty)
(/usr/share/texlive/texmf-dist/tex/context/base/supp-pdf.mkii
[Loading MPS to PDF converter (version 2006.09.02).]
))) (/usr/share/texlive/texmf-dist/tex/generic/oberdiek/pdftexcmds.sty)
(/usr/share/texlive/texmf-dist/tex/latex/oberdiek/epstopdf-base.sty
(/usr/share/texlive/texmf-dist/tex/latex/oberdiek/grfext.sty
(/usr/share/texlive/texmf-dist/tex/generic/oberdiek/kvdefinekeys.sty))
(/usr/share/texlive/texmf-dist/tex/latex/oberdiek/kvoptions.sty
(/usr/share/texlive/texmf-dist/tex/generic/oberdiek/kvsetkeys.sty
(/usr/share/texlive/texmf-dist/tex/generic/oberdiek/etexcmds.sty)))
(/usr/share/texlive/texmf-dist/tex/latex/latexconfig/epstopdf-sys.cfg))
[1{/var/lib/texmf/fonts/map/pdftex/updmap/pdftex.map}]This is makeindex, version 2.15 [TeX Live 2013] (kpathsea + Thai support).
Scanning input file exerciseglossaries.idx....done (1 entries accepted, 0 rejected).
Sorting entries...done (0 comparisons).
Generating output file exerciseglossaries.ind....done (5 lines written, 0 warnings).
Output written in exerciseglossaries.ind.
Transcript written in exerciseglossaries.ilg.

(./exerciseglossaries.ind) (./exerciseglossaries.acr) (./exerciseglossaries.gls
) (./exerciseglossaries.nls) [2] (./exerciseglossaries.aux) )</usr/share/texliv
e/texmf-dist/fonts/type1/public/amsfonts/cm/cmbx10.pfb></usr/share/texlive/texm
f-dist/fonts/type1/public/amsfonts/cm/cmbx12.pfb></usr/share/texlive/texmf-dist
/fonts/type1/public/amsfonts/cm/cmmi10.pfb></usr/share/texlive/texmf-dist/fonts
/type1/public/amsfonts/cm/cmr10.pfb></usr/share/texlive/texmf-dist/fonts/type1/
public/amsfonts/cm/cmr12.pfb></usr/share/texlive/texmf-dist/fonts/type1/public/
amsfonts/cm/cmr17.pfb></usr/share/texlive/texmf-dist/fonts/type1/public/amsfont
s/cm/cmr8.pfb>
Output written on exerciseglossaries.pdf (2 pages, 75574 bytes).
Transcript written on exerciseglossaries.log.

19 Jan 2016 20:03:07.549 INFO  CommandTrigger - 'PDFLaTeX' was successfully executed.
19 Jan 2016 20:03:07.549 INFO  CommandTrigger - Running 'PDFLaTeX'.
19 Jan 2016 20:03:07.550 TRACE CommandTrigger - Command: pdflatex      "exerciseglossaries.tex"
19 Jan 2016 20:03:08.153 TRACE CommandTrigger - Output logging:
19 Jan 2016 20:03:08.153 TRACE CommandTrigger - This is pdfTeX, Version 3.1415926-2.5-1.40.14 (TeX Live 2013/Debian)
 restricted \write18 enabled.
entering extended mode
(./exerciseglossaries.tex
LaTeX2e <2011/06/27>
Babel <3.9h> and hyphenation patterns for 78 languages loaded.
(/usr/share/texlive/texmf-dist/tex/latex/base/article.cls
Document Class: article 2007/10/19 v1.4h Standard LaTeX document class
(/usr/share/texlive/texmf-dist/tex/latex/base/size11.clo))
(/usr/share/texlive/texmf-dist/tex/latex/base/inputenc.sty
(/usr/share/texlive/texmf-dist/tex/latex/base/utf8.def
(/usr/share/texlive/texmf-dist/tex/latex/base/t1enc.dfu)
(/usr/share/texlive/texmf-dist/tex/latex/base/ot1enc.dfu)
(/usr/share/texlive/texmf-dist/tex/latex/base/omsenc.dfu)))
(/usr/share/texlive/texmf-dist/tex/latex/glossaries/base/glossaries.sty
(/usr/share/texlive/texmf-dist/tex/latex/base/ifthen.sty)
(/usr/share/texlive/texmf-dist/tex/latex/xkeyval/xkeyval.sty
(/usr/share/texlive/texmf-dist/tex/generic/xkeyval/xkeyval.tex
(/usr/share/texlive/texmf-dist/tex/generic/xkeyval/keyval.tex)))
(/usr/share/texlive/texmf-dist/tex/latex/glossaries/base/mfirstuc.sty
(/usr/share/texlive/texmf-dist/tex/latex/etoolbox/etoolbox.sty
(/usr/share/texlive/texmf-dist/tex/latex/etex-pkg/etex.sty)))
(/usr/share/texlive/texmf-dist/tex/latex/textcase/textcase.sty)
(/usr/share/texlive/texmf-dist/tex/latex/xfor/xfor.sty)
(/usr/share/texlive/texmf-dist/tex/latex/datatool/datatool-base.sty
(/usr/share/texlive/texmf-dist/tex/latex/amsmath/amsmath.sty
For additional information on amsmath, use the `?' option.
(/usr/share/texlive/texmf-dist/tex/latex/amsmath/amstext.sty
(/usr/share/texlive/texmf-dist/tex/latex/amsmath/amsgen.sty))
(/usr/share/texlive/texmf-dist/tex/latex/amsmath/amsbsy.sty)
(/usr/share/texlive/texmf-dist/tex/latex/amsmath/amsopn.sty))
(/usr/share/texlive/texmf-dist/tex/latex/substr/substr.sty)
(/usr/share/texlive/texmf-dist/tex/latex/datatool/datatool-fp.sty
(/usr/share/texlive/texmf-dist/tex/latex/fp/fp.sty
`Fixed Point Package', Version 0.8, April 2, 1995 (C) Michael Mehlich
(/usr/share/texlive/texmf-dist/tex/latex/fp/defpattern.sty)
(/usr/share/texlive/texmf-dist/tex/latex/fp/fp-basic.sty)
(/usr/share/texlive/texmf-dist/tex/latex/fp/fp-addons.sty)
(/usr/share/texlive/texmf-dist/tex/latex/fp/fp-snap.sty)
(/usr/share/texlive/texmf-dist/tex/latex/fp/fp-exp.sty)
(/usr/share/texlive/texmf-dist/tex/latex/fp/fp-trigo.sty)
(/usr/share/texlive/texmf-dist/tex/latex/fp/fp-pas.sty)
(/usr/share/texlive/texmf-dist/tex/latex/fp/fp-random.sty)
(/usr/share/texlive/texmf-dist/tex/latex/fp/fp-eqn.sty)
(/usr/share/texlive/texmf-dist/tex/latex/fp/fp-upn.sty)
(/usr/share/texlive/texmf-dist/tex/latex/fp/fp-eval.sty))))
(/usr/share/texlive/texmf-dist/tex/latex/glossaries/base/glossaries-compatible-
307.sty)
(/usr/share/texlive/texmf-dist/tex/latex/glossaries/styles/glossary-hypernav.st
y) (/usr/share/texlive/texmf-dist/tex/latex/glossaries/styles/glossary-list.sty
) (/usr/share/texlive/texmf-dist/tex/latex/glossaries/styles/glossary-long.sty
(/usr/share/texlive/texmf-dist/tex/latex/tools/longtable.sty))
(/usr/share/texlive/texmf-dist/tex/latex/glossaries/styles/glossary-super.sty
(/usr/share/texlive/texmf-dist/tex/latex/supertabular/supertabular.sty))
(/usr/share/texlive/texmf-dist/tex/latex/glossaries/styles/glossary-tree.sty))
(/usr/share/texlive/texmf-dist/tex/latex/imakeidx/imakeidx.sty
(/usr/share/texlive/texmf-dist/tex/generic/ifxetex/ifxetex.sty)
(/usr/share/texlive/texmf-dist/tex/generic/oberdiek/ifluatex.sty)
(/usr/share/texlive/texmf-dist/tex/latex/xpatch/xpatch.sty
(/usr/share/texlive/texmf-dist/tex/latex/l3kernel/expl3.sty
(/usr/share/texlive/texmf-dist/tex/latex/l3kernel/l3names.sty
(/usr/share/texlive/texmf-dist/tex/latex/l3kernel/l3bootstrap.sty))
(/usr/share/texlive/texmf-dist/tex/latex/l3kernel/l3basics.sty)
(/usr/share/texlive/texmf-dist/tex/latex/l3kernel/l3expan.sty)
(/usr/share/texlive/texmf-dist/tex/latex/l3kernel/l3tl.sty)
(/usr/share/texlive/texmf-dist/tex/latex/l3kernel/l3seq.sty)
(/usr/share/texlive/texmf-dist/tex/latex/l3kernel/l3int.sty)
(/usr/share/texlive/texmf-dist/tex/latex/l3kernel/l3quark.sty)
(/usr/share/texlive/texmf-dist/tex/latex/l3kernel/l3prg.sty)
(/usr/share/texlive/texmf-dist/tex/latex/l3kernel/l3clist.sty)
(/usr/share/texlive/texmf-dist/tex/latex/l3kernel/l3token.sty)
(/usr/share/texlive/texmf-dist/tex/latex/l3kernel/l3prop.sty)
(/usr/share/texlive/texmf-dist/tex/latex/l3kernel/l3msg.sty)
(/usr/share/texlive/texmf-dist/tex/latex/l3kernel/l3file.sty)
(/usr/share/texlive/texmf-dist/tex/latex/l3kernel/l3skip.sty)
(/usr/share/texlive/texmf-dist/tex/latex/l3kernel/l3keys.sty)
(/usr/share/texlive/texmf-dist/tex/latex/l3kernel/l3fp.sty)
(/usr/share/texlive/texmf-dist/tex/latex/l3kernel/l3box.sty)
(/usr/share/texlive/texmf-dist/tex/latex/l3kernel/l3coffins.sty)
(/usr/share/texlive/texmf-dist/tex/latex/l3kernel/l3color.sty)
(/usr/share/texlive/texmf-dist/tex/latex/l3kernel/l3luatex.sty)
(/usr/share/texlive/texmf-dist/tex/latex/l3kernel/l3candidates.sty)
(/usr/share/texlive/texmf-dist/tex/generic/oberdiek/ifpdf.sty))
(/usr/share/texlive/texmf-dist/tex/latex/l3packages/xparse/xparse.sty))
(/usr/share/texlive/texmf-dist/tex/latex/tools/multicol.sty))
Writing index file exerciseglossaries.idx
(/usr/share/texlive/texmf-dist/tex/latex/nomencl/nomencl.sty)
Writing nomenclature file exerciseglossaries.nlo
(./exerciseglossaries.aux)
(/usr/share/texlive/texmf-dist/tex/latex/graphics/graphics.sty
(/usr/share/texlive/texmf-dist/tex/latex/graphics/trig.sty)
(/usr/share/texlive/texmf-dist/tex/latex/latexconfig/graphics.cfg)
(/usr/share/texlive/texmf-dist/tex/latex/pdftex-def/pdftex.def
(/usr/share/texlive/texmf-dist/tex/generic/oberdiek/infwarerr.sty)
(/usr/share/texlive/texmf-dist/tex/generic/oberdiek/ltxcmds.sty)
(/usr/share/texlive/texmf-dist/tex/context/base/supp-pdf.mkii
[Loading MPS to PDF converter (version 2006.09.02).]
))) (/usr/share/texlive/texmf-dist/tex/generic/oberdiek/pdftexcmds.sty)
(/usr/share/texlive/texmf-dist/tex/latex/oberdiek/epstopdf-base.sty
(/usr/share/texlive/texmf-dist/tex/latex/oberdiek/grfext.sty
(/usr/share/texlive/texmf-dist/tex/generic/oberdiek/kvdefinekeys.sty))
(/usr/share/texlive/texmf-dist/tex/latex/oberdiek/kvoptions.sty
(/usr/share/texlive/texmf-dist/tex/generic/oberdiek/kvsetkeys.sty
(/usr/share/texlive/texmf-dist/tex/generic/oberdiek/etexcmds.sty)))
(/usr/share/texlive/texmf-dist/tex/latex/latexconfig/epstopdf-sys.cfg))
[1{/var/lib/texmf/fonts/map/pdftex/updmap/pdftex.map}]This is makeindex, version 2.15 [TeX Live 2013] (kpathsea + Thai support).
Scanning input file exerciseglossaries.idx....done (1 entries accepted, 0 rejected).
Sorting entries...done (0 comparisons).
Generating output file exerciseglossaries.ind....done (5 lines written, 0 warnings).
Output written in exerciseglossaries.ind.
Transcript written in exerciseglossaries.ilg.

(./exerciseglossaries.ind) (./exerciseglossaries.acr) (./exerciseglossaries.gls
) (./exerciseglossaries.nls) [2] (./exerciseglossaries.aux) )</usr/share/texliv
e/texmf-dist/fonts/type1/public/amsfonts/cm/cmbx10.pfb></usr/share/texlive/texm
f-dist/fonts/type1/public/amsfonts/cm/cmbx12.pfb></usr/share/texlive/texmf-dist
/fonts/type1/public/amsfonts/cm/cmmi10.pfb></usr/share/texlive/texmf-dist/fonts
/type1/public/amsfonts/cm/cmr10.pfb></usr/share/texlive/texmf-dist/fonts/type1/
public/amsfonts/cm/cmr12.pfb></usr/share/texlive/texmf-dist/fonts/type1/public/
amsfonts/cm/cmr17.pfb></usr/share/texlive/texmf-dist/fonts/type1/public/amsfont
s/cm/cmr8.pfb>
Output written on exerciseglossaries.pdf (2 pages, 75574 bytes).
Transcript written on exerciseglossaries.log.

19 Jan 2016 20:03:08.154 INFO  CommandTrigger - 'PDFLaTeX' was successfully executed.
19 Jan 2016 20:03:08.155 INFO  CommandTrigger - All commands were successfully executed.
19 Jan 2016 20:03:08.155 INFO  Arara - Done.
