08 Mar 2016 15:04:38.537 INFO  Arara - Welcome to arara!
08 Mar 2016 15:04:38.542 INFO  Arara - Processing file 'Thesis.tex', please wait.
08 Mar 2016 15:04:38.546 INFO  DirectiveExtractor - Reading directives from Thesis.tex.
08 Mar 2016 15:04:38.548 TRACE DirectiveExtractor - Directive found in line 1 with pdflatex.
08 Mar 2016 15:04:38.549 TRACE DirectiveExtractor - Directive found in line 2 with makeglossaries.
08 Mar 2016 15:04:38.550 TRACE DirectiveExtractor - Directive found in line 3 with nomencl.
08 Mar 2016 15:04:38.551 TRACE DirectiveExtractor - Directive found in line 4 with makeindex.
08 Mar 2016 15:04:38.551 TRACE DirectiveExtractor - Directive found in line 5 with pdflatex.
08 Mar 2016 15:04:38.552 TRACE DirectiveExtractor - Directive found in line 6 with pdflatex.
08 Mar 2016 15:04:38.558 INFO  DirectiveParser - Parsing directives.
08 Mar 2016 15:04:38.562 INFO  TaskDeployer - Deploying tasks into commands.
08 Mar 2016 15:04:38.562 TRACE TaskDeployer - Task 'pdflatex' found in '/usr/share/texlive/texmf-dist/scripts/arara/rules'.
08 Mar 2016 15:04:38.720 TRACE TaskDeployer - Task 'makeglossaries' found in '/usr/share/texlive/texmf-dist/scripts/arara/rules'.
08 Mar 2016 15:04:38.754 TRACE TaskDeployer - Task 'nomencl' found in '/usr/share/texlive/texmf-dist/scripts/arara/rules'.
08 Mar 2016 15:04:38.762 TRACE TaskDeployer - Task 'makeindex' found in '/usr/share/texlive/texmf-dist/scripts/arara/rules'.
08 Mar 2016 15:04:38.767 TRACE TaskDeployer - Task 'pdflatex' found in '/usr/share/texlive/texmf-dist/scripts/arara/rules'.
08 Mar 2016 15:04:38.773 TRACE TaskDeployer - Task 'pdflatex' found in '/usr/share/texlive/texmf-dist/scripts/arara/rules'.
08 Mar 2016 15:04:38.778 INFO  CommandTrigger - Ready to run commands.
08 Mar 2016 15:04:38.779 INFO  CommandTrigger - Running 'PDFLaTeX'.
08 Mar 2016 15:04:38.779 TRACE CommandTrigger - Command: pdflatex      "Thesis.tex"
